# JRE version: Java(TM) SE Runtime Environment (17.0.12+8) (build 17.0.12+8-LTS-286)
# Java VM: Java HotSpot(TM) 64-Bit Server VM (17.0.12+8-LTS-286, mixed mode, sharing, tiered, compressed oops, compressed class ptrs, g1 gc, windows-amd64)
GC Precious Log:
 CPUs: 12 total, 12 available
 Memory: 16193M
 Large Page Support: Disabled
 NUMA Support: Disabled
 Compressed Oops: Enabled (Zero based)
 Heap Region Size: 2M
 Heap Min Capacity: 8M
 Heap Initial Capacity: 254M
 Heap Max Capacity: 4050M
 Pre-touch: Disabled
 Parallel Workers: 10
 Concurrent Workers: 3
 Concurrent Refinement Workers: 10
 Periodic GC: Disabled
Heap:
 garbage-first heap   total 81920K, used 44548K [0x0000000702e00000, 0x0000000800000000)
  region size 2048K, 12 young (24576K), 3 survivors (6144K)
 Metaspace       used 67822K, committed 68416K, reserved 1114112K
  class space    used 9439K, committed 9728K, reserved 1048576K
GC Heap History (20 events):
Event: 0.547 GC heap before
{Heap before GC invocations=1 (full 0):
 garbage-first heap   total 260096K, used 31409K [0x0000000702e00000, 0x0000000800000000)
  region size 2048K, 13 young (26624K), 2 survivors (4096K)
 Metaspace       used 9917K, committed 10112K, reserved 1114112K
  class space    used 1226K, committed 1344K, reserved 1048576K
}
Event: 0.550 GC heap after
{Heap after GC invocations=2 (full 0):
 garbage-first heap   total 260096K, used 10476K [0x0000000702e00000, 0x0000000800000000)
  region size 2048K, 1 young (2048K), 1 survivors (2048K)
 Metaspace       used 9917K, committed 10112K, reserved 1114112K
  class space    used 1226K, committed 1344K, reserved 1048576K
}
Event: 0.983 GC heap before
{Heap before GC invocations=2 (full 0):
 garbage-first heap   total 260096K, used 63724K [0x0000000702e00000, 0x0000000800000000)
  region size 2048K, 28 young (57344K), 1 survivors (2048K)
 Metaspace       used 21231K, committed 21504K, reserved 1114112K
  class space    used 2760K, committed 2880K, reserved 1048576K
}
Event: 0.985 GC heap after
{Heap after GC invocations=3 (full 0):
 garbage-first heap   total 260096K, used 13166K [0x0000000702e00000, 0x0000000800000000)
  region size 2048K, 3 young (6144K), 3 survivors (6144K)
 Metaspace       used 21231K, committed 21504K, reserved 1114112K
  class space    used 2760K, committed 2880K, reserved 1048576K
}
Event: 1.256 GC heap before
{Heap before GC invocations=4 (full 0):
 garbage-first heap   total 61440K, used 43886K [0x0000000702e00000, 0x0000000800000000)
  region size 2048K, 19 young (38912K), 3 survivors (6144K)
 Metaspace       used 24547K, committed 24896K, reserved 1114112K
  class space    used 3185K, committed 3328K, reserved 1048576K
}
Event: 1.260 GC heap after
{Heap after GC invocations=5 (full 0):
 garbage-first heap   total 61440K, used 16282K [0x0000000702e00000, 0x0000000800000000)
  region size 2048K, 4 young (8192K), 4 survivors (8192K)
 Metaspace       used 24547K, committed 24896K, reserved 1114112K
  class space    used 3185K, committed 3328K, reserved 1048576K
}
Event: 1.279 GC heap before
{Heap before GC invocations=5 (full 0):
 garbage-first heap   total 61440K, used 18330K [0x0000000702e00000, 0x0000000800000000)
  region size 2048K, 5 young (10240K), 4 survivors (8192K)
 Metaspace       used 24924K, committed 25280K, reserved 1114112K
  class space    used 3227K, committed 3392K, reserved 1048576K
}
Event: 1.284 GC heap after
{Heap after GC invocations=6 (full 0):
 garbage-first heap   total 161792K, used 17135K [0x0000000702e00000, 0x0000000800000000)
  region size 2048K, 1 young (2048K), 1 survivors (2048K)
 Metaspace       used 24924K, committed 25280K, reserved 1114112K
  class space    used 3227K, committed 3392K, reserved 1048576K
}
Event: 4.210 GC heap before
{Heap before GC invocations=6 (full 0):
 garbage-first heap   total 161792K, used 66287K [0x0000000702e00000, 0x0000000800000000)
  region size 2048K, 26 young (53248K), 1 survivors (2048K)
 Metaspace       used 35532K, committed 35968K, reserved 1114112K
  class space    used 4619K, committed 4800K, reserved 1048576K
}
Event: 4.215 GC heap after
{Heap after GC invocations=7 (full 0):
 garbage-first heap   total 161792K, used 20313K [0x0000000702e00000, 0x0000000800000000)
  region size 2048K, 3 young (6144K), 3 survivors (6144K)
 Metaspace       used 35532K, committed 35968K, reserved 1114112K
  class space    used 4619K, committed 4800K, reserved 1048576K
}
Event: 6.062 GC heap before
{Heap before GC invocations=8 (full 0):
 garbage-first heap   total 81920K, used 63321K [0x0000000702e00000, 0x0000000800000000)
  region size 2048K, 24 young (49152K), 3 survivors (6144K)
 Metaspace       used 45415K, committed 45760K, reserved 1114112K
  class space    used 6046K, committed 6208K, reserved 1048576K
}
Event: 6.068 GC heap after
{Heap after GC invocations=9 (full 0):
 garbage-first heap   total 81920K, used 22380K [0x0000000702e00000, 0x0000000800000000)
  region size 2048K, 2 young (4096K), 2 survivors (4096K)
 Metaspace       used 45415K, committed 45760K, reserved 1114112K
  class space    used 6046K, committed 6208K, reserved 1048576K
}
Event: 6.224 GC heap before
{Heap before GC invocations=9 (full 0):
 garbage-first heap   total 81920K, used 24428K [0x0000000702e00000, 0x0000000800000000)
  region size 2048K, 3 young (6144K), 2 survivors (4096K)
 Metaspace       used 45798K, committed 46272K, reserved 1114112K
  class space    used 6113K, committed 6336K, reserved 1048576K
}
Event: 6.227 GC heap after
{Heap after GC invocations=10 (full 0):
 garbage-first heap   total 81920K, used 22895K [0x0000000702e00000, 0x0000000800000000)
  region size 2048K, 1 young (2048K), 1 survivors (2048K)
 Metaspace       used 45798K, committed 46272K, reserved 1114112K
  class space    used 6113K, committed 6336K, reserved 1048576K
}
Event: 6.598 GC heap before
{Heap before GC invocations=10 (full 0):
 garbage-first heap   total 81920K, used 57711K [0x0000000702e00000, 0x0000000800000000)
  region size 2048K, 18 young (36864K), 1 survivors (2048K)
 Metaspace       used 54716K, committed 55168K, reserved 1114112K
  class space    used 7379K, committed 7552K, reserved 1048576K
}
Event: 6.602 GC heap after
{Heap after GC invocations=11 (full 0):
 garbage-first heap   total 81920K, used 24159K [0x0000000702e00000, 0x0000000800000000)
  region size 2048K, 1 young (2048K), 1 survivors (2048K)
 Metaspace       used 54716K, committed 55168K, reserved 1114112K
  class space    used 7379K, committed 7552K, reserved 1048576K
}
Event: 6.895 GC heap before
{Heap before GC invocations=11 (full 0):
 garbage-first heap   total 81920K, used 54879K [0x0000000702e00000, 0x0000000800000000)
  region size 2048K, 17 young (34816K), 1 survivors (2048K)
 Metaspace       used 59979K, committed 60480K, reserved 1114112K
  class space    used 8259K, committed 8512K, reserved 1048576K
}
Event: 6.898 GC heap after
{Heap after GC invocations=12 (full 0):
 garbage-first heap   total 81920K, used 25160K [0x0000000702e00000, 0x0000000800000000)
  region size 2048K, 2 young (4096K), 2 survivors (4096K)
 Metaspace       used 59979K, committed 60480K, reserved 1114112K
  class space    used 8259K, committed 8512K, reserved 1048576K
}
Event: 7.295 GC heap before
{Heap before GC invocations=13 (full 0):
 garbage-first heap   total 81920K, used 62024K [0x0000000702e00000, 0x0000000800000000)
  region size 2048K, 20 young (40960K), 2 survivors (4096K)
 Metaspace       used 65140K, committed 65728K, reserved 1114112K
  class space    used 9056K, committed 9344K, reserved 1048576K
}
Event: 7.302 GC heap after
{Heap after GC invocations=14 (full 0):
 garbage-first heap   total 81920K, used 28164K [0x0000000702e00000, 0x0000000800000000)
  region size 2048K, 3 young (6144K), 3 survivors (6144K)
 Metaspace       used 65140K, committed 65728K, reserved 1114112K
  class space    used 9056K, committed 9344K, reserved 1048576K
}

