# JRE version: Java(TM) SE Runtime Environment (17.0.12+8) (build 17.0.12+8-LTS-286)
# Java VM: Java HotSpot(TM) 64-Bit Server VM (17.0.12+8-LTS-286, mixed mode, sharing, tiered, compressed oops, compressed class ptrs, g1 gc, windows-amd64)
GC Precious Log:
 CPUs: 12 total, 12 available
 Memory: 16193M
 Large Page Support: Disabled
 NUMA Support: Disabled
 Compressed Oops: Enabled (Zero based)
 Heap Region Size: 2M
 Heap Min Capacity: 8M
 Heap Initial Capacity: 254M
 Heap Max Capacity: 4050M
 Pre-touch: Disabled
 Parallel Workers: 10
 Concurrent Workers: 3
 Concurrent Refinement Workers: 10
 Periodic GC: Disabled
Heap:
 garbage-first heap   total 178176K, used 121903K [0x0000000702e00000, 0x0000000800000000)
  region size 2048K, 39 young (79872K), 2 survivors (4096K)
 Metaspace       used 30956K, committed 31360K, reserved 1114112K
  class space    used 3498K, committed 3648K, reserved 1048576K
GC Heap History (18 events):
Event: 0.315 GC heap before
{Heap before GC invocations=0 (full 0):
 garbage-first heap   total 260096K, used 22528K [0x0000000702e00000, 0x0000000800000000)
  region size 2048K, 11 young (22528K), 0 survivors (0K)
 Metaspace       used 5140K, committed 5312K, reserved 1114112K
  class space    used 616K, committed 704K, reserved 1048576K
}
Event: 0.318 GC heap after
{Heap after GC invocations=1 (full 0):
 garbage-first heap   total 260096K, used 3727K [0x0000000702e00000, 0x0000000800000000)
  region size 2048K, 2 young (4096K), 2 survivors (4096K)
 Metaspace       used 5140K, committed 5312K, reserved 1114112K
  class space    used 616K, committed 704K, reserved 1048576K
}
Event: 0.614 GC heap before
{Heap before GC invocations=1 (full 0):
 garbage-first heap   total 260096K, used 34447K [0x0000000702e00000, 0x0000000800000000)
  region size 2048K, 17 young (34816K), 2 survivors (4096K)
 Metaspace       used 9861K, committed 10112K, reserved 1114112K
  class space    used 1220K, committed 1344K, reserved 1048576K
}
Event: 0.617 GC heap after
{Heap after GC invocations=2 (full 0):
 garbage-first heap   total 260096K, used 5711K [0x0000000702e00000, 0x0000000800000000)
  region size 2048K, 2 young (4096K), 2 survivors (4096K)
 Metaspace       used 9861K, committed 10112K, reserved 1114112K
  class space    used 1220K, committed 1344K, reserved 1048576K
}
Event: 1.693 GC heap before
{Heap before GC invocations=2 (full 0):
 garbage-first heap   total 260096K, used 149071K [0x0000000702e00000, 0x0000000800000000)
  region size 2048K, 71 young (145408K), 2 survivors (4096K)
 Metaspace       used 21228K, committed 21504K, reserved 1114112K
  class space    used 2515K, committed 2688K, reserved 1048576K
}
Event: 1.700 GC heap after
{Heap after GC invocations=3 (full 0):
 garbage-first heap   total 260096K, used 23521K [0x0000000702e00000, 0x0000000800000000)
  region size 2048K, 8 young (16384K), 8 survivors (16384K)
 Metaspace       used 21228K, committed 21504K, reserved 1114112K
  class space    used 2515K, committed 2688K, reserved 1048576K
}
Event: 2.016 GC heap before
{Heap before GC invocations=4 (full 0):
 garbage-first heap   total 90112K, used 64481K [0x0000000702e00000, 0x0000000800000000)
  region size 2048K, 28 young (57344K), 8 survivors (16384K)
 Metaspace       used 25470K, committed 25728K, reserved 1114112K
  class space    used 2960K, committed 3072K, reserved 1048576K
}
Event: 2.030 GC heap after
{Heap after GC invocations=5 (full 0):
 garbage-first heap   total 98304K, used 36571K [0x0000000702e00000, 0x0000000800000000)
  region size 2048K, 4 young (8192K), 4 survivors (8192K)
 Metaspace       used 25470K, committed 25728K, reserved 1114112K
  class space    used 2960K, committed 3072K, reserved 1048576K
}
Event: 2.041 GC heap before
{Heap before GC invocations=5 (full 0):
 garbage-first heap   total 98304K, used 38619K [0x0000000702e00000, 0x0000000800000000)
  region size 2048K, 5 young (10240K), 4 survivors (8192K)
 Metaspace       used 25515K, committed 25792K, reserved 1114112K
  class space    used 2968K, committed 3136K, reserved 1048576K
}
Event: 2.045 GC heap after
{Heap after GC invocations=6 (full 0):
 garbage-first heap   total 98304K, used 39337K [0x0000000702e00000, 0x0000000800000000)
  region size 2048K, 1 young (2048K), 1 survivors (2048K)
 Metaspace       used 25515K, committed 25792K, reserved 1114112K
  class space    used 2968K, committed 3136K, reserved 1048576K
}
Event: 2.231 GC heap before
{Heap before GC invocations=6 (full 0):
 garbage-first heap   total 98304K, used 68009K [0x0000000702e00000, 0x0000000800000000)
  region size 2048K, 15 young (30720K), 1 survivors (2048K)
 Metaspace       used 26465K, committed 26816K, reserved 1114112K
  class space    used 3040K, committed 3200K, reserved 1048576K
}
Event: 2.237 GC heap after
{Heap after GC invocations=7 (full 0):
 garbage-first heap   total 98304K, used 43958K [0x0000000702e00000, 0x0000000800000000)
  region size 2048K, 2 young (4096K), 2 survivors (4096K)
 Metaspace       used 26465K, committed 26816K, reserved 1114112K
  class space    used 3040K, committed 3200K, reserved 1048576K
}
Event: 2.442 GC heap before
{Heap before GC invocations=7 (full 0):
 garbage-first heap   total 98304K, used 68534K [0x0000000702e00000, 0x0000000800000000)
  region size 2048K, 15 young (30720K), 2 survivors (4096K)
 Metaspace       used 27805K, committed 28160K, reserved 1114112K
  class space    used 3195K, committed 3328K, reserved 1048576K
}
Event: 2.446 GC heap after
{Heap after GC invocations=8 (full 0):
 garbage-first heap   total 98304K, used 45457K [0x0000000702e00000, 0x0000000800000000)
  region size 2048K, 1 young (2048K), 1 survivors (2048K)
 Metaspace       used 27805K, committed 28160K, reserved 1114112K
  class space    used 3195K, committed 3328K, reserved 1048576K
}
Event: 2.590 GC heap before
{Heap before GC invocations=8 (full 0):
 garbage-first heap   total 98304K, used 72081K [0x0000000702e00000, 0x0000000800000000)
  region size 2048K, 14 young (28672K), 1 survivors (2048K)
 Metaspace       used 28488K, committed 28800K, reserved 1114112K
  class space    used 3261K, committed 3392K, reserved 1048576K
}
Event: 2.593 GC heap after
{Heap after GC invocations=9 (full 0):
 garbage-first heap   total 196608K, used 46133K [0x0000000702e00000, 0x0000000800000000)
  region size 2048K, 1 young (2048K), 1 survivors (2048K)
 Metaspace       used 28488K, committed 28800K, reserved 1114112K
  class space    used 3261K, committed 3392K, reserved 1048576K
}
Event: 3.030 GC heap before
{Heap before GC invocations=10 (full 0):
 garbage-first heap   total 178176K, used 140341K [0x0000000702e00000, 0x0000000800000000)
  region size 2048K, 47 young (96256K), 1 survivors (2048K)
 Metaspace       used 30229K, committed 30592K, reserved 1114112K
  class space    used 3429K, committed 3584K, reserved 1048576K
}
Event: 3.034 GC heap after
{Heap after GC invocations=11 (full 0):
 garbage-first heap   total 178176K, used 48175K [0x0000000702e00000, 0x0000000800000000)
  region size 2048K, 2 young (4096K), 2 survivors (4096K)
 Metaspace       used 30229K, committed 30592K, reserved 1114112K
  class space    used 3429K, committed 3584K, reserved 1048576K
}

